0 info it worked if it ends with ok
1 verbose cli [ 'node', '/usr/local/bin/npm', 'install', 'isArguments' ]
2 info using npm@1.4.16
3 info using node@v0.10.29
4 verbose node symlink /usr/local/bin/node
5 verbose cache add [ 'isArguments', null ]
6 verbose cache add name=undefined spec="isArguments" args=["isArguments",null]
7 verbose parsed url { protocol: null,
7 verbose parsed url   slashes: null,
7 verbose parsed url   auth: null,
7 verbose parsed url   host: null,
7 verbose parsed url   port: null,
7 verbose parsed url   hostname: null,
7 verbose parsed url   hash: null,
7 verbose parsed url   search: null,
7 verbose parsed url   query: null,
7 verbose parsed url   pathname: 'isArguments',
7 verbose parsed url   path: 'isArguments',
7 verbose parsed url   href: 'isArguments' }
8 silly lockFile 4c26f211-isArguments isArguments
9 verbose lock isArguments /Users/fenglin/.npm/4c26f211-isArguments.lock
10 silly lockFile 4c26f211-isArguments isArguments
11 silly lockFile 4c26f211-isArguments isArguments
12 verbose addNamed [ 'isArguments', '' ]
13 verbose addNamed [ null, '*' ]
14 silly lockFile ddd2dcd1-isArguments isArguments@
15 verbose lock isArguments@ /Users/fenglin/.npm/ddd2dcd1-isArguments.lock
16 silly addNameRange { name: 'isArguments', range: '*', hasData: false }
17 verbose request where is /isArguments
18 verbose request registry https://registry.npmjs.org/
19 verbose request id c2cd897b31c586aa
20 verbose url raw /isArguments
21 verbose url resolving [ 'https://registry.npmjs.org/', './isArguments' ]
22 verbose url resolved https://registry.npmjs.org/isArguments
23 verbose request where is https://registry.npmjs.org/isArguments
24 info trying registry request attempt 1 at 22:23:30
25 http GET https://registry.npmjs.org/isArguments
26 http 404 https://registry.npmjs.org/isArguments
27 verbose headers { date: 'Fri, 03 Apr 2015 05:21:26 GMT',
27 verbose headers   server: 'CouchDB/1.5.0 (Erlang OTP/R16B03)',
27 verbose headers   'content-type': 'application/json',
27 verbose headers   'cache-control': 'max-age=0',
27 verbose headers   'content-length': '51',
27 verbose headers   'accept-ranges': 'bytes',
27 verbose headers   via: '1.1 varnish',
27 verbose headers   age: '0',
27 verbose headers   'x-served-by': 'cache-sjc3135-SJC',
27 verbose headers   'x-cache': 'MISS',
27 verbose headers   'x-cache-hits': '0',
27 verbose headers   'x-timer': 'S1428038486.508646,VS0,VE156',
27 verbose headers   'keep-alive': 'timeout=10, max=50',
27 verbose headers   connection: 'Keep-Alive' }
28 silly registry.get cb [ 404,
28 silly registry.get   { date: 'Fri, 03 Apr 2015 05:21:26 GMT',
28 silly registry.get     server: 'CouchDB/1.5.0 (Erlang OTP/R16B03)',
28 silly registry.get     'content-type': 'application/json',
28 silly registry.get     'cache-control': 'max-age=0',
28 silly registry.get     'content-length': '51',
28 silly registry.get     'accept-ranges': 'bytes',
28 silly registry.get     via: '1.1 varnish',
28 silly registry.get     age: '0',
28 silly registry.get     'x-served-by': 'cache-sjc3135-SJC',
28 silly registry.get     'x-cache': 'MISS',
28 silly registry.get     'x-cache-hits': '0',
28 silly registry.get     'x-timer': 'S1428038486.508646,VS0,VE156',
28 silly registry.get     'keep-alive': 'timeout=10, max=50',
28 silly registry.get     connection: 'Keep-Alive' } ]
29 silly lockFile ddd2dcd1-isArguments isArguments@
30 silly lockFile ddd2dcd1-isArguments isArguments@
31 error 404 404 Not Found: isArguments
31 error 404
31 error 404 'isArguments' is not in the npm registry.
31 error 404 You should bug the author to publish it
31 error 404
31 error 404 Note that you can also install from a
31 error 404 tarball, folder, or http url, or git url.
32 error System Darwin 14.1.0
33 error command "node" "/usr/local/bin/npm" "install" "isArguments"
34 error cwd /Users/fenglin/ReactWebsite/react_website
35 error node -v v0.10.29
36 error npm -v 1.4.16
37 error code E404
38 verbose exit [ 1, true ]
